<?xml version="1.0" encoding="UTF-8"?>
<!-- Generated by org.testng.reporters.JUnitReportReporter -->
<testsuite hostname="DESKTOP-DD1RFPU" failures="0" tests="1" name="base.MyFirstTestCase" time="8.068" errors="0" timestamp="2024-02-19T14:14:30 EAT" skipped="0">
  <testcase classname="base.MyFirstTestCase" name="loginTest" time="8.068"/>
</testsuite> <!-- base.MyFirstTestCase -->
